C:\Program Files (x86)\Microsoft Visual Studio\2019\Community\MSBuild\Microsoft\VC\v160\Microsoft.CppBuild.targets(495,5): warning MSB8003: la propriété WindowsSDKDir n'est pas définie. Certains outils de build sont introuvables.
  pch.cpp
  addint.cpp
  airy.cpp
Z:\Tsiky\Traj_Optimization\numrecipes\nrd\airy.cpp(1,10): fatal error C1083: Impossible d'ouvrir le fichier include : 'math.h' : No such file or directory
  amebsa.cpp
Z:\Tsiky\Traj_Optimization\numrecipes\nrd\amebsa.cpp(1,10): fatal error C1083: Impossible d'ouvrir le fichier include : 'math.h' : No such file or directory
  amoeba.cpp
Z:\Tsiky\Traj_Optimization\numrecipes\nrd\amoeba.cpp(1,10): fatal error C1083: Impossible d'ouvrir le fichier include : 'math.h' : No such file or directory
  amotry.cpp
Z:\Tsiky\Traj_Optimization\numrecipes\nrd\amotry.cpp(2,10): fatal error C1083: Impossible d'ouvrir le fichier include : 'nrutil.h' : No such file or directory
  amotsa.cpp
Z:\Tsiky\Traj_Optimization\numrecipes\nrd\amotsa.cpp(1,10): fatal error C1083: Impossible d'ouvrir le fichier include : 'math.h' : No such file or directory
  anneal.cpp
Z:\Tsiky\Traj_Optimization\numrecipes\nrd\anneal.cpp(1,10): fatal error C1083: Impossible d'ouvrir le fichier include : 'stdio.h' : No such file or directory
  anorm2.cpp
Z:\Tsiky\Traj_Optimization\numrecipes\nrd\anorm2.cpp(1,10): fatal error C1083: Impossible d'ouvrir le fichier include : 'math.h' : No such file or directory
  arcmak.cpp
Z:\Tsiky\Traj_Optimization\numrecipes\nrd\arcmak.cpp(2,10): fatal error C1083: Impossible d'ouvrir le fichier include : 'nrutil.h' : No such file or directory
  arcode.cpp
Z:\Tsiky\Traj_Optimization\numrecipes\nrd\arcode.cpp(1,10): fatal error C1083: Impossible d'ouvrir le fichier include : 'stdio.h' : No such file or directory
  arcsum.cpp
Z:\Tsiky\Traj_Optimization\numrecipes\nrd\arcsum.cpp(11,13): warning C4018: '>' : incompatibilité signed/unsigned
  asolve.cpp
  atimes.cpp
  avevar.cpp
  balanc.cpp
Z:\Tsiky\Traj_Optimization\numrecipes\nrd\balanc.cpp(1,10): fatal error C1083: Impossible d'ouvrir le fichier include : 'math.h' : No such file or directory
  banbks.cpp
Z:\Tsiky\Traj_Optimization\numrecipes\nrd\banbks.cpp(49,7): warning C4018: '<' : incompatibilité signed/unsigned
  bandec.cpp
Z:\Tsiky\Traj_Optimization\numrecipes\nrd\bandec.cpp(1,10): fatal error C1083: Impossible d'ouvrir le fichier include : 'math.h' : No such file or directory
  banmul.cpp
Z:\Tsiky\Traj_Optimization\numrecipes\nrd\banmul.cpp(2,10): fatal error C1083: Impossible d'ouvrir le fichier include : 'nrutil.h' : No such file or directory
  bcucof.cpp
  bcuint.cpp
Z:\Tsiky\Traj_Optimization\numrecipes\nrd\bcuint.cpp(2,10): fatal error C1083: Impossible d'ouvrir le fichier include : 'nrutil.h' : No such file or directory
  Génération de code en cours...
  Compilation en cours...
  beschb.cpp
  bessi.cpp
Z:\Tsiky\Traj_Optimization\numrecipes\nrd\bessi.cpp(1,10): fatal error C1083: Impossible d'ouvrir le fichier include : 'math.h' : No such file or directory
  bessi0.cpp
Z:\Tsiky\Traj_Optimization\numrecipes\nrd\bessi0.cpp(1,10): fatal error C1083: Impossible d'ouvrir le fichier include : 'math.h' : No such file or directory
  bessi1.cpp
Z:\Tsiky\Traj_Optimization\numrecipes\nrd\bessi1.cpp(1,10): fatal error C1083: Impossible d'ouvrir le fichier include : 'math.h' : No such file or directory
  bessik.cpp
Z:\Tsiky\Traj_Optimization\numrecipes\nrd\bessik.cpp(1,10): fatal error C1083: Impossible d'ouvrir le fichier include : 'math.h' : No such file or directory
  bessj.cpp
Z:\Tsiky\Traj_Optimization\numrecipes\nrd\bessj.cpp(1,10): fatal error C1083: Impossible d'ouvrir le fichier include : 'math.h' : No such file or directory
  bessj0.cpp
Z:\Tsiky\Traj_Optimization\numrecipes\nrd\bessj0.cpp(1,10): fatal error C1083: Impossible d'ouvrir le fichier include : 'math.h' : No such file or directory
  bessj1.cpp
Z:\Tsiky\Traj_Optimization\numrecipes\nrd\bessj1.cpp(1,10): fatal error C1083: Impossible d'ouvrir le fichier include : 'math.h' : No such file or directory
  bessjy.cpp
Z:\Tsiky\Traj_Optimization\numrecipes\nrd\bessjy.cpp(1,10): fatal error C1083: Impossible d'ouvrir le fichier include : 'math.h' : No such file or directory
  bessk.cpp
Z:\Tsiky\Traj_Optimization\numrecipes\nrd\bessk.cpp(15,50): error C2664: 'void nrerror(char [])' : impossible de convertir l'argument 1 de 'const char [29]' en 'char []'
Z:\Tsiky\Traj_Optimization\numrecipes\nrd\bessk.cpp(15,20): message : La conversion d'un littéral de chaîne perd le qualificateur const (voir /Zc:strictStrings)
Z:\Tsiky\Traj_Optimization\numrecipes\nrd\bessk.cpp(8,6): message : voir la déclaration de 'nrerror'
  bessk0.cpp
Z:\Tsiky\Traj_Optimization\numrecipes\nrd\bessk0.cpp(1,10): fatal error C1083: Impossible d'ouvrir le fichier include : 'math.h' : No such file or directory
  bessk1.cpp
Z:\Tsiky\Traj_Optimization\numrecipes\nrd\bessk1.cpp(1,10): fatal error C1083: Impossible d'ouvrir le fichier include : 'math.h' : No such file or directory
  bessy.cpp
Z:\Tsiky\Traj_Optimization\numrecipes\nrd\bessy.cpp(15,50): error C2664: 'void nrerror(char [])' : impossible de convertir l'argument 1 de 'const char [29]' en 'char []'
Z:\Tsiky\Traj_Optimization\numrecipes\nrd\bessy.cpp(15,20): message : La conversion d'un littéral de chaîne perd le qualificateur const (voir /Zc:strictStrings)
Z:\Tsiky\Traj_Optimization\numrecipes\nrd\bessy.cpp(8,6): message : voir la déclaration de 'nrerror'
  bessy0.cpp
