C:\Program Files (x86)\Microsoft Visual Studio\2019\Community\MSBuild\Microsoft\VC\v160\Microsoft.CppBuild.targets(495,5): warning MSB8003: la propriété WindowsSDKDir n'est pas définie. Certains outils de build sont introuvables.
cl : ligne de commande warning D9035: l'option 'Gm' est déconseillée et sera supprimée dans une version ultérieure
  zroots.cpp
Z:\Tsiky\Traj_Optimization\numrecipes\nrd\zroots.cpp(1,10): fatal error C1083: Impossible d'ouvrir le fichier include : 'math.h' : No such file or directory
  zriddr.cpp
Z:\Tsiky\Traj_Optimization\numrecipes\nrd\zriddr.cpp(1,10): fatal error C1083: Impossible d'ouvrir le fichier include : 'math.h' : No such file or directory
  zrhqr.cpp
  zbrent.cpp
Z:\Tsiky\Traj_Optimization\numrecipes\nrd\zbrent.cpp(1,10): fatal error C1083: Impossible d'ouvrir le fichier include : 'math.h' : No such file or directory
  zbrak.cpp
  zbrac.cpp
Z:\Tsiky\Traj_Optimization\numrecipes\nrd\zbrac.cpp(1,10): fatal error C1083: Impossible d'ouvrir le fichier include : 'math.h' : No such file or directory
  wwghts.cpp
  wtn.cpp
  wt1.cpp
  voltra.cpp
  vegas.cpp
Z:\Tsiky\Traj_Optimization\numrecipes\nrd\vegas.cpp(1,10): fatal error C1083: Impossible d'ouvrir le fichier include : 'stdio.h' : No such file or directory
  vander.cpp
  twofft.cpp
  tutest.cpp
Z:\Tsiky\Traj_Optimization\numrecipes\nrd\tutest.cpp(1,10): fatal error C1083: Impossible d'ouvrir le fichier include : 'math.h' : No such file or directory
  ttest.cpp
Z:\Tsiky\Traj_Optimization\numrecipes\nrd\ttest.cpp(1,10): fatal error C1083: Impossible d'ouvrir le fichier include : 'math.h' : No such file or directory
  trnspt.cpp
  trncst.cpp
Z:\Tsiky\Traj_Optimization\numrecipes\nrd\trncst.cpp(1,10): fatal error C1083: Impossible d'ouvrir le fichier include : 'math.h' : No such file or directory
  tridag.cpp
  tred2.cpp
Z:\Tsiky\Traj_Optimization\numrecipes\nrd\tred2.cpp(1,10): fatal error C1083: Impossible d'ouvrir le fichier include : 'math.h' : No such file or directory
  trapzd.cpp
  Génération de code en cours...
  Compilation en cours...
  tqli.cpp
Z:\Tsiky\Traj_Optimization\numrecipes\nrd\tqli.cpp(1,10): fatal error C1083: Impossible d'ouvrir le fichier include : 'math.h' : No such file or directory
  tptest.cpp
Z:\Tsiky\Traj_Optimization\numrecipes\nrd\tptest.cpp(1,10): fatal error C1083: Impossible d'ouvrir le fichier include : 'math.h' : No such file or directory
  toeplz.cpp
  svdvar.cpp
  svdfit.cpp
  svdcmp.cpp
Z:\Tsiky\Traj_Optimization\numrecipes\nrd\svdcmp.cpp(1,10): fatal error C1083: Impossible d'ouvrir le fichier include : 'math.h' : No such file or directory
  svbksb.cpp
  stoerm.cpp
  stiff.cpp
Z:\Tsiky\Traj_Optimization\numrecipes\nrd\stiff.cpp(1,10): fatal error C1083: Impossible d'ouvrir le fichier include : 'math.h' : No such file or directory
  stifbs.cpp
Z:\Tsiky\Traj_Optimization\numrecipes\nrd\stifbs.cpp(1,10): fatal error C1083: Impossible d'ouvrir le fichier include : 'math.h' : No such file or directory
  sprstx.cpp
  sprstp.cpp
  sprstm.cpp
Z:\Tsiky\Traj_Optimization\numrecipes\nrd\sprstm.cpp(1,10): fatal error C1083: Impossible d'ouvrir le fichier include : 'math.h' : No such file or directory
  sprspm.cpp
  sprsin.cpp
Z:\Tsiky\Traj_Optimization\numrecipes\nrd\sprsin.cpp(1,10): fatal error C1083: Impossible d'ouvrir le fichier include : 'math.h' : No such file or directory
  sprsax.cpp
  spread.cpp
  splint.cpp
  spline.cpp
  splin2.cpp
  Génération de code en cours...
  Compilation en cours...
  splie2.cpp
  sphbes.cpp
Z:\Tsiky\Traj_Optimization\numrecipes\nrd\sphbes.cpp(1,10): fatal error C1083: Impossible d'ouvrir le fichier include : 'math.h' : No such file or directory
  spear.cpp
Z:\Tsiky\Traj_Optimization\numrecipes\nrd\spear.cpp(1,10): fatal error C1083: Impossible d'ouvrir le fichier include : 'math.h' : No such file or directory
  spctrm.cpp
Z:\Tsiky\Traj_Optimization\numrecipes\nrd\spctrm.cpp(1,10): fatal error C1083: Impossible d'ouvrir le fichier include : 'math.h' : No such file or directory
  sort3.cpp
  sort2.cpp
  sort.cpp
  sor.cpp
Z:\Tsiky\Traj_Optimization\numrecipes\nrd\sor.cpp(1,10): fatal error C1083: Impossible d'ouvrir le fichier include : 'math.h' : No such file or directory
  solvde.cpp
Z:\Tsiky\Traj_Optimization\numrecipes\nrd\solvde.cpp(1,10): fatal error C1083: Impossible d'ouvrir le fichier include : 'stdio.h' : No such file or directory
  sobseq.cpp
Z:\Tsiky\Traj_Optimization\numrecipes\nrd\sobseq.cpp(37,11): warning C4018: '<=' : incompatibilité signed/unsigned
  snrm.cpp
Z:\Tsiky\Traj_Optimization\numrecipes\nrd\snrm.cpp(1,10): fatal error C1083: Impossible d'ouvrir le fichier include : 'math.h' : No such file or directory
  sncndn.cpp
Z:\Tsiky\Traj_Optimization\numrecipes\nrd\sncndn.cpp(1,10): fatal error C1083: Impossible d'ouvrir le fichier include : 'math.h' : No such file or directory
  slvsml.cpp
  slvsm2.cpp
Z:\Tsiky\Traj_Optimization\numrecipes\nrd\slvsm2.cpp(1,10): fatal error C1083: Impossible d'ouvrir le fichier include : 'math.h' : No such file or directory
  sinft.cpp
Z:\Tsiky\Traj_Optimization\numrecipes\nrd\sinft.cpp(1,10): fatal error C1083: Impossible d'ouvrir le fichier include : 'math.h' : No such file or directory
  simpr.cpp
  simplx.cpp
  simp3.cpp
  simp2.cpp
  simp1.cpp
Z:\Tsiky\Traj_Optimization\numrecipes\nrd\simp1.cpp(1,10): fatal error C1083: Impossible d'ouvrir le fichier include : 'math.h' : No such file or directory
  Génération de code en cours...
  Compilation en cours...
  shootf.cpp
  shoot.cpp
  shell.cpp
  selip.cpp
  select.cpp
  scrsho.cpp
Z:\Tsiky\Traj_Optimization\numrecipes\nrd\scrsho.cpp(1,10): fatal error C1083: Impossible d'ouvrir le fichier include : 'stdio.h' : No such file or directory
  savgol.cpp
Z:\Tsiky\Traj_Optimization\numrecipes\nrd\savgol.cpp(1,10): fatal error C1083: Impossible d'ouvrir le fichier include : 'math.h' : No such file or directory
  rzextr.cpp
  rtsec.cpp
Z:\Tsiky\Traj_Optimization\numrecipes\nrd\rtsec.cpp(1,10): fatal error C1083: Impossible d'ouvrir le fichier include : 'math.h' : No such file or directory
  rtsafe.cpp
Z:\Tsiky\Traj_Optimization\numrecipes\nrd\rtsafe.cpp(1,10): fatal error C1083: Impossible d'ouvrir le fichier include : 'math.h' : No such file or directory
  rtnewt.cpp
Z:\Tsiky\Traj_Optimization\numrecipes\nrd\rtnewt.cpp(1,10): fatal error C1083: Impossible d'ouvrir le fichier include : 'math.h' : No such file or directory
  rtflsp.cpp
Z:\Tsiky\Traj_Optimization\numrecipes\nrd\rtflsp.cpp(1,10): fatal error C1083: Impossible d'ouvrir le fichier include : 'math.h' : No such file or directory
  rtbis.cpp
Z:\Tsiky\Traj_Optimization\numrecipes\nrd\rtbis.cpp(1,10): fatal error C1083: Impossible d'ouvrir le fichier include : 'math.h' : No such file or directory
  rstrct.cpp
  rsolv.cpp
  rotate.cpp
Z:\Tsiky\Traj_Optimization\numrecipes\nrd\rotate.cpp(1,10): fatal error C1083: Impossible d'ouvrir le fichier include : 'math.h' : No such file or directory
  rofunc.cpp
Z:\Tsiky\Traj_Optimization\numrecipes\nrd\rofunc.cpp(1,10): fatal error C1083: Impossible d'ouvrir le fichier include : 'math.h' : No such file or directory
  rlft3.cpp
Z:\Tsiky\Traj_Optimization\numrecipes\nrd\rlft3.cpp(1,10): fatal error C1083: Impossible d'ouvrir le fichier include : 'math.h' : No such file or directory
  rkqs.cpp
Z:\Tsiky\Traj_Optimization\numrecipes\nrd\rkqs.cpp(1,10): fatal error C1083: Impossible d'ouvrir le fichier include : 'stdio.h' : No such file or directory
  rkdumb.cpp
  Génération de code en cours...
  Compilation en cours...
  rkck.cpp
  rk4.cpp
  rj.cpp
Z:\Tsiky\Traj_Optimization\numrecipes\nrd\rj.cpp(1,10): fatal error C1083: Impossible d'ouvrir le fichier include : 'math.h' : No such file or directory
  rf.cpp
Z:\Tsiky\Traj_Optimization\numrecipes\nrd\rf.cpp(1,10): fatal error C1083: Impossible d'ouvrir le fichier include : 'math.h' : No such file or directory
  reverse.cpp
  revcst.cpp
Z:\Tsiky\Traj_Optimization\numrecipes\nrd\revcst.cpp(1,10): fatal error C1083: Impossible d'ouvrir le fichier include : 'math.h' : No such file or directory
  resid.cpp
  relax2.cpp
  relax.cpp
  red.cpp
  rebin.cpp
  realft.cpp
Z:\Tsiky\Traj_Optimization\numrecipes\nrd\realft.cpp(1,10): fatal error C1083: Impossible d'ouvrir le fichier include : 'math.h' : No such file or directory
  rd.cpp
Z:\Tsiky\Traj_Optimization\numrecipes\nrd\rd.cpp(1,10): fatal error C1083: Impossible d'ouvrir le fichier include : 'math.h' : No such file or directory
  rc.cpp
Z:\Tsiky\Traj_Optimization\numrecipes\nrd\rc.cpp(1,10): fatal error C1083: Impossible d'ouvrir le fichier include : 'math.h' : No such file or directory
  ratval.cpp
  ratlsq.cpp
Z:\Tsiky\Traj_Optimization\numrecipes\nrd\ratlsq.cpp(1,10): fatal error C1083: Impossible d'ouvrir le fichier include : 'stdio.h' : No such file or directory
  ratint.cpp
Z:\Tsiky\Traj_Optimization\numrecipes\nrd\ratint.cpp(1,10): fatal error C1083: Impossible d'ouvrir le fichier include : 'math.h' : No such file or directory
  ranpt.cpp
  rank.cpp
  ran4.cpp
  Génération de code en cours...
  Compilation en cours...
  ran3.cpp
  ran2.cpp
  ran1.cpp
  ran0.cpp
  quadvl.cpp
  quadmx.cpp
Z:\Tsiky\Traj_Optimization\numrecipes\nrd\quadmx.cpp(1,10): fatal error C1083: Impossible d'ouvrir le fichier include : 'math.h' : No such file or directory
  quadct.cpp
  quad3d.cpp
  qtrap.cpp
Z:\Tsiky\Traj_Optimization\numrecipes\nrd\qtrap.cpp(1,10): fatal error C1083: Impossible d'ouvrir le fichier include : 'math.h' : No such file or directory
  qsimp.cpp
Z:\Tsiky\Traj_Optimization\numrecipes\nrd\qsimp.cpp(1,10): fatal error C1083: Impossible d'ouvrir le fichier include : 'math.h' : No such file or directory
  qrupdt.cpp
Z:\Tsiky\Traj_Optimization\numrecipes\nrd\qrupdt.cpp(1,10): fatal error C1083: Impossible d'ouvrir le fichier include : 'math.h' : No such file or directory
  qrsolv.cpp
  qroot.cpp
Z:\Tsiky\Traj_Optimization\numrecipes\nrd\qroot.cpp(1,10): fatal error C1083: Impossible d'ouvrir le fichier include : 'math.h' : No such file or directory
  qromo.cpp
Z:\Tsiky\Traj_Optimization\numrecipes\nrd\qromo.cpp(1,10): fatal error C1083: Impossible d'ouvrir le fichier include : 'math.h' : No such file or directory
  qromb.cpp
Z:\Tsiky\Traj_Optimization\numrecipes\nrd\qromb.cpp(1,10): fatal error C1083: Impossible d'ouvrir le fichier include : 'math.h' : No such file or directory
  qrdcmp.cpp
Z:\Tsiky\Traj_Optimization\numrecipes\nrd\qrdcmp.cpp(1,10): fatal error C1083: Impossible d'ouvrir le fichier include : 'math.h' : No such file or directory
  qgaus.cpp
  pzextr.cpp
  pythag.cpp
Z:\Tsiky\Traj_Optimization\numrecipes\nrd\pythag.cpp(1,10): fatal error C1083: Impossible d'ouvrir le fichier include : 'math.h' : No such file or directory
  pwtset.cpp
  Génération de code en cours...
  Compilation en cours...
  pwt.cpp
Z:\Tsiky\Traj_Optimization\numrecipes\nrd\pwt.cpp(48,11): warning C4018: '<=' : incompatibilité signed/unsigned
Z:\Tsiky\Traj_Optimization\numrecipes\nrd\pwt.cpp(100,11): warning C4018: '<=' : incompatibilité signed/unsigned
  psdes.cpp
  probks.cpp
Z:\Tsiky\Traj_Optimization\numrecipes\nrd\probks.cpp(1,10): fatal error C1083: Impossible d'ouvrir le fichier include : 'math.h' : No such file or directory
  predic.cpp
  powell.cpp
Z:\Tsiky\Traj_Optimization\numrecipes\nrd\powell.cpp(1,10): fatal error C1083: Impossible d'ouvrir le fichier include : 'math.h' : No such file or directory
  polint.cpp
Z:\Tsiky\Traj_Optimization\numrecipes\nrd\polint.cpp(1,10): fatal error C1083: Impossible d'ouvrir le fichier include : 'math.h' : No such file or directory
  polin2.cpp
  poldiv.cpp
  polcof.cpp
Z:\Tsiky\Traj_Optimization\numrecipes\nrd\polcof.cpp(1,10): fatal error C1083: Impossible d'ouvrir le fichier include : 'math.h' : No such file or directory
  polcoe.cpp
  poidev.cpp
Z:\Tsiky\Traj_Optimization\numrecipes\nrd\poidev.cpp(1,10): fatal error C1083: Impossible d'ouvrir le fichier include : 'math.h' : No such file or directory
  plgndr.cpp
Z:\Tsiky\Traj_Optimization\numrecipes\nrd\plgndr.cpp(1,10): fatal error C1083: Impossible d'ouvrir le fichier include : 'math.h' : No such file or directory
  pinvs.cpp
Z:\Tsiky\Traj_Optimization\numrecipes\nrd\pinvs.cpp(1,10): fatal error C1083: Impossible d'ouvrir le fichier include : 'math.h' : No such file or directory
  piksrt.cpp
  piksr2.cpp
  period.cpp
Z:\Tsiky\Traj_Optimization\numrecipes\nrd\period.cpp(1,10): fatal error C1083: Impossible d'ouvrir le fichier include : 'math.h' : No such file or directory
  pearsn.cpp
Z:\Tsiky\Traj_Optimization\numrecipes\nrd\pearsn.cpp(1,10): fatal error C1083: Impossible d'ouvrir le fichier include : 'math.h' : No such file or directory
  pcshft.cpp
  pccheb.cpp
  pade.cpp
Z:\Tsiky\Traj_Optimization\numrecipes\nrd\pade.cpp(1,10): fatal error C1083: Impossible d'ouvrir le fichier include : 'math.h' : No such file or directory
  Génération de code en cours...
  Compilation en cours...
  orthog.cpp
  odeint.cpp
Z:\Tsiky\Traj_Optimization\numrecipes\nrd\odeint.cpp(1,10): fatal error C1083: Impossible d'ouvrir le fichier include : 'stdio.h' : No such file or directory
  nrutil.cpp
Z:\Tsiky\Traj_Optimization\numrecipes\nrd\nrutil.cpp(14,10): fatal error C1083: Impossible d'ouvrir le fichier include : 'stdio.h' : No such file or directory
  newt.cpp
Z:\Tsiky\Traj_Optimization\numrecipes\nrd\newt.cpp(1,10): fatal error C1083: Impossible d'ouvrir le fichier include : 'math.h' : No such file or directory
  myrkqs.cpp
Z:\Tsiky\Traj_Optimization\numrecipes\nrd\myrkqs.cpp(1,10): fatal error C1083: Impossible d'ouvrir le fichier include : 'stdio.h' : No such file or directory
  myodeint.cpp
Z:\Tsiky\Traj_Optimization\numrecipes\nrd\myodeint.cpp(1,10): fatal error C1083: Impossible d'ouvrir le fichier include : 'stdio.h' : No such file or directory
  mrqmin.cpp
  mrqcof.cpp
  mpsqrt.cpp
Z:\Tsiky\Traj_Optimization\numrecipes\nrd\mpsqrt.cpp(1,10): fatal error C1083: Impossible d'ouvrir le fichier include : 'math.h' : No such file or directory
  mprove.cpp
  mppi.cpp
Z:\Tsiky\Traj_Optimization\numrecipes\nrd\mppi.cpp(1,10): fatal error C1083: Impossible d'ouvrir le fichier include : 'stdio.h' : No such file or directory
  mpops.cpp
  mpmul.cpp
  mpinv.cpp
  mpdiv.cpp
  mp2dfr.cpp
  moment.cpp
Z:\Tsiky\Traj_Optimization\numrecipes\nrd\moment.cpp(1,10): fatal error C1083: Impossible d'ouvrir le fichier include : 'math.h' : No such file or directory
  mnewt.cpp
Z:\Tsiky\Traj_Optimization\numrecipes\nrd\mnewt.cpp(1,10): fatal error C1083: Impossible d'ouvrir le fichier include : 'math.h' : No such file or directory
  MNBRAK.cpp
Z:\Tsiky\Traj_Optimization\numrecipes\nrd\MNBRAK.cpp(1,10): fatal error C1083: Impossible d'ouvrir le fichier include : 'math.h' : No such file or directory
  mmid.cpp
  Génération de code en cours...
  Compilation en cours...
  miser.cpp
Z:\Tsiky\Traj_Optimization\numrecipes\nrd\miser.cpp(1,10): fatal error C1083: Impossible d'ouvrir le fichier include : 'stdlib.h' : No such file or directory
  midsqu.cpp
Z:\Tsiky\Traj_Optimization\numrecipes\nrd\midsqu.cpp(1,10): fatal error C1083: Impossible d'ouvrir le fichier include : 'math.h' : No such file or directory
  midsql.cpp
Z:\Tsiky\Traj_Optimization\numrecipes\nrd\midsql.cpp(1,10): fatal error C1083: Impossible d'ouvrir le fichier include : 'math.h' : No such file or directory
  midpnt.cpp
  midinf.cpp
  midexp.cpp
Z:\Tsiky\Traj_Optimization\numrecipes\nrd\midexp.cpp(1,10): fatal error C1083: Impossible d'ouvrir le fichier include : 'math.h' : No such file or directory
  mglin.cpp
Z:\Tsiky\Traj_Optimization\numrecipes\nrd\mglin.cpp(93,21): warning C4018: '<=' : incompatibilité signed/unsigned
  mgfas.cpp
Z:\Tsiky\Traj_Optimization\numrecipes\nrd\mgfas.cpp(108,21): warning C4018: '<=' : incompatibilité signed/unsigned
  metrop.cpp
Z:\Tsiky\Traj_Optimization\numrecipes\nrd\metrop.cpp(1,10): fatal error C1083: Impossible d'ouvrir le fichier include : 'math.h' : No such file or directory
  memcof.cpp
Z:\Tsiky\Traj_Optimization\numrecipes\nrd\memcof.cpp(1,10): fatal error C1083: Impossible d'ouvrir le fichier include : 'math.h' : No such file or directory
  medfit.cpp
Z:\Tsiky\Traj_Optimization\numrecipes\nrd\medfit.cpp(1,10): fatal error C1083: Impossible d'ouvrir le fichier include : 'math.h' : No such file or directory
  matsub.cpp
  matadd.cpp
  machar.cpp
Z:\Tsiky\Traj_Optimization\numrecipes\nrd\machar.cpp(1,10): fatal error C1083: Impossible d'ouvrir le fichier include : 'math.h' : No such file or directory
  ludcmp.cpp
Z:\Tsiky\Traj_Optimization\numrecipes\nrd\ludcmp.cpp(1,10): fatal error C1083: Impossible d'ouvrir le fichier include : 'math.h' : No such file or directory
  lubksb.cpp
  lop.cpp
  locate.cpp
  lnsrch.cpp
Z:\Tsiky\Traj_Optimization\numrecipes\nrd\lnsrch.cpp(1,10): fatal error C1083: Impossible d'ouvrir le fichier include : 'math.h' : No such file or directory
  linmin.cpp
  Génération de code en cours...
  Compilation en cours...
  linbcg.cpp
Z:\Tsiky\Traj_Optimization\numrecipes\nrd\linbcg.cpp(1,10): fatal error C1083: Impossible d'ouvrir le fichier include : 'stdio.h' : No such file or directory
  lfit.cpp
  laguer.cpp
Z:\Tsiky\Traj_Optimization\numrecipes\nrd\laguer.cpp(1,10): fatal error C1083: Impossible d'ouvrir le fichier include : 'math.h' : No such file or directory
  kstwo.cpp
Z:\Tsiky\Traj_Optimization\numrecipes\nrd\kstwo.cpp(1,10): fatal error C1083: Impossible d'ouvrir le fichier include : 'math.h' : No such file or directory
  ksone.cpp
Z:\Tsiky\Traj_Optimization\numrecipes\nrd\ksone.cpp(1,10): fatal error C1083: Impossible d'ouvrir le fichier include : 'math.h' : No such file or directory
  ks2d2s.cpp
Z:\Tsiky\Traj_Optimization\numrecipes\nrd\ks2d2s.cpp(1,10): fatal error C1083: Impossible d'ouvrir le fichier include : 'math.h' : No such file or directory
  ks2d1s.cpp
Z:\Tsiky\Traj_Optimization\numrecipes\nrd\ks2d1s.cpp(1,10): fatal error C1083: Impossible d'ouvrir le fichier include : 'math.h' : No such file or directory
  kermom.cpp
Z:\Tsiky\Traj_Optimization\numrecipes\nrd\kermom.cpp(1,10): fatal error C1083: Impossible d'ouvrir le fichier include : 'math.h' : No such file or directory
  kendl2.cpp
Z:\Tsiky\Traj_Optimization\numrecipes\nrd\kendl2.cpp(1,10): fatal error C1083: Impossible d'ouvrir le fichier include : 'math.h' : No such file or directory
  kendl1.cpp
Z:\Tsiky\Traj_Optimization\numrecipes\nrd\kendl1.cpp(1,10): fatal error C1083: Impossible d'ouvrir le fichier include : 'math.h' : No such file or directory
  julday.cpp
Z:\Tsiky\Traj_Optimization\numrecipes\nrd\julday.cpp(1,10): fatal error C1083: Impossible d'ouvrir le fichier include : 'math.h' : No such file or directory
  jacobn.cpp
  jacobi.cpp
Z:\Tsiky\Traj_Optimization\numrecipes\nrd\jacobi.cpp(1,10): fatal error C1083: Impossible d'ouvrir le fichier include : 'math.h' : No such file or directory
  irbit2.cpp
  irbit1.cpp
  interp.cpp
  indexx.cpp
  iindexx.cpp
  igray.cpp
  icrc1.cpp
  Génération de code en cours...
  Compilation en cours...
  icrc.cpp
  hypser.cpp
Z:\Tsiky\Traj_Optimization\numrecipes\nrd\hypser.cpp(42,23): warning C4244: 'argument' : conversion de 'double' en 'float', perte possible de données
  hypgeo.cpp
Z:\Tsiky\Traj_Optimization\numrecipes\nrd\hypgeo.cpp(1,10): fatal error C1083: Impossible d'ouvrir le fichier include : 'math.h' : No such file or directory
  hypdrv.cpp
Z:\Tsiky\Traj_Optimization\numrecipes\nrd\hypdrv.cpp(12,24): warning C4244: 'argument' : conversion de 'double' en 'float', perte possible de données
Z:\Tsiky\Traj_Optimization\numrecipes\nrd\hypdrv.cpp(12,18): warning C4244: 'argument' : conversion de 'double' en 'float', perte possible de données
Z:\Tsiky\Traj_Optimization\numrecipes\nrd\hypdrv.cpp(14,24): warning C4244: 'argument' : conversion de 'double' en 'float', perte possible de données
Z:\Tsiky\Traj_Optimization\numrecipes\nrd\hypdrv.cpp(14,18): warning C4244: 'argument' : conversion de 'double' en 'float', perte possible de données
Z:\Tsiky\Traj_Optimization\numrecipes\nrd\hypdrv.cpp(16,17): warning C4244: 'argument' : conversion de 'double' en 'float', perte possible de données
  hunt.cpp
  hufmak.cpp
Z:\Tsiky\Traj_Optimization\numrecipes\nrd\hufmak.cpp(86,16): warning C4146: opérateur moins unaire appliqué à un type non signé, le résultat sera non signé
  hufenc.cpp
Z:\Tsiky\Traj_Optimization\numrecipes\nrd\hufenc.cpp(1,10): fatal error C1083: Impossible d'ouvrir le fichier include : 'stdio.h' : No such file or directory
  hufdec.cpp
Z:\Tsiky\Traj_Optimization\numrecipes\nrd\hufdec.cpp(24,10): warning C4018: '>' : incompatibilité signed/unsigned
Z:\Tsiky\Traj_Optimization\numrecipes\nrd\hufdec.cpp(45,10): warning C4018: '<=' : incompatibilité signed/unsigned
  hufapp.cpp
  hqr.cpp
Z:\Tsiky\Traj_Optimization\numrecipes\nrd\hqr.cpp(3,10): fatal error C1083: Impossible d'ouvrir le fichier include : 'math.h' : No such file or directory
  hpsort.cpp
  hpsel.cpp
  gser.cpp
Z:\Tsiky\Traj_Optimization\numrecipes\nrd\gser.cpp(1,10): fatal error C1083: Impossible d'ouvrir le fichier include : 'math.h' : No such file or directory
  golden.cpp
Z:\Tsiky\Traj_Optimization\numrecipes\nrd\golden.cpp(1,10): fatal error C1083: Impossible d'ouvrir le fichier include : 'math.h' : No such file or directory
  gcf.cpp
Z:\Tsiky\Traj_Optimization\numrecipes\nrd\gcf.cpp(1,10): fatal error C1083: Impossible d'ouvrir le fichier include : 'math.h' : No such file or directory
  gaussj.cpp
Z:\Tsiky\Traj_Optimization\numrecipes\nrd\gaussj.cpp(1,10): fatal error C1083: Impossible d'ouvrir le fichier include : 'math.h' : No such file or directory
  gauleg.cpp
Z:\Tsiky\Traj_Optimization\numrecipes\nrd\gauleg.cpp(1,10): fatal error C1083: Impossible d'ouvrir le fichier include : 'math.h' : No such file or directory
  gaulag.cpp
Z:\Tsiky\Traj_Optimization\numrecipes\nrd\gaulag.cpp(1,10): fatal error C1083: Impossible d'ouvrir le fichier include : 'math.h' : No such file or directory
  gaujac.cpp
Z:\Tsiky\Traj_Optimization\numrecipes\nrd\gaujac.cpp(1,10): fatal error C1083: Impossible d'ouvrir le fichier include : 'math.h' : No such file or directory
  gauher.cpp
Z:\Tsiky\Traj_Optimization\numrecipes\nrd\gauher.cpp(1,10): fatal error C1083: Impossible d'ouvrir le fichier include : 'math.h' : No such file or directory
  Génération de code en cours...
  Compilation en cours...
  gaucof.cpp
Z:\Tsiky\Traj_Optimization\numrecipes\nrd\gaucof.cpp(1,10): fatal error C1083: Impossible d'ouvrir le fichier include : 'math.h' : No such file or directory
  gasdev.cpp
Z:\Tsiky\Traj_Optimization\numrecipes\nrd\gasdev.cpp(1,10): fatal error C1083: Impossible d'ouvrir le fichier include : 'math.h' : No such file or directory
  gammq.cpp
  gammp.cpp
  gammln.cpp
Z:\Tsiky\Traj_Optimization\numrecipes\nrd\gammln.cpp(1,10): fatal error C1083: Impossible d'ouvrir le fichier include : 'math.h' : No such file or directory
  gamdev.cpp
Z:\Tsiky\Traj_Optimization\numrecipes\nrd\gamdev.cpp(1,10): fatal error C1083: Impossible d'ouvrir le fichier include : 'math.h' : No such file or directory
  ftest.cpp
  frprmn.cpp
Z:\Tsiky\Traj_Optimization\numrecipes\nrd\frprmn.cpp(1,10): fatal error C1083: Impossible d'ouvrir le fichier include : 'math.h' : No such file or directory
  frenel.cpp
Z:\Tsiky\Traj_Optimization\numrecipes\nrd\frenel.cpp(1,10): fatal error C1083: Impossible d'ouvrir le fichier include : 'math.h' : No such file or directory
  fredin.cpp
  fred2.cpp
  fpoly.cpp
  fourn.cpp
Z:\Tsiky\Traj_Optimization\numrecipes\nrd\fourn.cpp(1,10): fatal error C1083: Impossible d'ouvrir le fichier include : 'math.h' : No such file or directory
  fourfs.cpp
Z:\Tsiky\Traj_Optimization\numrecipes\nrd\fourfs.cpp(1,10): fatal error C1083: Impossible d'ouvrir le fichier include : 'stdio.h' : No such file or directory
  fourew.cpp
Z:\Tsiky\Traj_Optimization\numrecipes\nrd\fourew.cpp(1,10): fatal error C1083: Impossible d'ouvrir le fichier include : 'stdio.h' : No such file or directory
  four1.cpp
Z:\Tsiky\Traj_Optimization\numrecipes\nrd\four1.cpp(1,10): fatal error C1083: Impossible d'ouvrir le fichier include : 'math.h' : No such file or directory
  fmin.cpp
  flmoon.cpp
Z:\Tsiky\Traj_Optimization\numrecipes\nrd\flmoon.cpp(1,10): fatal error C1083: Impossible d'ouvrir le fichier include : 'math.h' : No such file or directory
  fleg.cpp
  fixrts.cpp
Z:\Tsiky\Traj_Optimization\numrecipes\nrd\fixrts.cpp(1,10): fatal error C1083: Impossible d'ouvrir le fichier include : 'math.h' : No such file or directory
  Génération de code en cours...
  Compilation en cours...
  fitexy.cpp
Z:\Tsiky\Traj_Optimization\numrecipes\nrd\fitexy.cpp(1,10): fatal error C1083: Impossible d'ouvrir le fichier include : 'math.h' : No such file or directory
  fit.cpp
Z:\Tsiky\Traj_Optimization\numrecipes\nrd\fit.cpp(1,10): fatal error C1083: Impossible d'ouvrir le fichier include : 'math.h' : No such file or directory
  fill0.cpp
  fgauss.cpp
Z:\Tsiky\Traj_Optimization\numrecipes\nrd\fgauss.cpp(1,10): fatal error C1083: Impossible d'ouvrir le fichier include : 'math.h' : No such file or directory
  fdjac.cpp
Z:\Tsiky\Traj_Optimization\numrecipes\nrd\fdjac.cpp(1,10): fatal error C1083: Impossible d'ouvrir le fichier include : 'math.h' : No such file or directory
  fasper.cpp
Z:\Tsiky\Traj_Optimization\numrecipes\nrd\fasper.cpp(1,10): fatal error C1083: Impossible d'ouvrir le fichier include : 'math.h' : No such file or directory
  factrl.cpp
Z:\Tsiky\Traj_Optimization\numrecipes\nrd\factrl.cpp(1,10): fatal error C1083: Impossible d'ouvrir le fichier include : 'math.h' : No such file or directory
  factln.cpp
  f1dim.cpp
  expint.cpp
Z:\Tsiky\Traj_Optimization\numrecipes\nrd\expint.cpp(1,10): fatal error C1083: Impossible d'ouvrir le fichier include : 'math.h' : No such file or directory
  expdev.cpp
Z:\Tsiky\Traj_Optimization\numrecipes\nrd\expdev.cpp(1,10): fatal error C1083: Impossible d'ouvrir le fichier include : 'math.h' : No such file or directory
  evlmem.cpp
Z:\Tsiky\Traj_Optimization\numrecipes\nrd\evlmem.cpp(1,10): fatal error C1083: Impossible d'ouvrir le fichier include : 'math.h' : No such file or directory
  eulsum.cpp
Z:\Tsiky\Traj_Optimization\numrecipes\nrd\eulsum.cpp(1,10): fatal error C1083: Impossible d'ouvrir le fichier include : 'math.h' : No such file or directory
  erffc.cpp
  erff.cpp
  erfcc.cpp
Z:\Tsiky\Traj_Optimization\numrecipes\nrd\erfcc.cpp(1,10): fatal error C1083: Impossible d'ouvrir le fichier include : 'math.h' : No such file or directory
  elmhes.cpp
Z:\Tsiky\Traj_Optimization\numrecipes\nrd\elmhes.cpp(1,10): fatal error C1083: Impossible d'ouvrir le fichier include : 'math.h' : No such file or directory
  ellpi.cpp
Z:\Tsiky\Traj_Optimization\numrecipes\nrd\ellpi.cpp(1,10): fatal error C1083: Impossible d'ouvrir le fichier include : 'math.h' : No such file or directory
  ellf.cpp
Z:\Tsiky\Traj_Optimization\numrecipes\nrd\ellf.cpp(1,10): fatal error C1083: Impossible d'ouvrir le fichier include : 'math.h' : No such file or directory
  elle.cpp
Z:\Tsiky\Traj_Optimization\numrecipes\nrd\elle.cpp(1,10): fatal error C1083: Impossible d'ouvrir le fichier include : 'math.h' : No such file or directory
  Génération de code en cours...
  Compilation en cours...
  eigsrt.cpp
  ei.cpp
Z:\Tsiky\Traj_Optimization\numrecipes\nrd\ei.cpp(1,10): fatal error C1083: Impossible d'ouvrir le fichier include : 'math.h' : No such file or directory
  eclazz.cpp
  eclass.cpp
  dsvdcmp.cpp
Z:\Tsiky\Traj_Optimization\numrecipes\nrd\dsvdcmp.cpp(1,10): fatal error C1083: Impossible d'ouvrir le fichier include : 'math.h' : No such file or directory
  dsvbksb.cpp
  dsprstx.cpp
  dsprsax.cpp
  drkqs.cpp
Z:\Tsiky\Traj_Optimization\numrecipes\nrd\drkqs.cpp(1,10): fatal error C1083: Impossible d'ouvrir le fichier include : 'stdio.h' : No such file or directory
  drkck.cpp
  drealft.cpp
Z:\Tsiky\Traj_Optimization\numrecipes\nrd\drealft.cpp(1,10): fatal error C1083: Impossible d'ouvrir le fichier include : 'math.h' : No such file or directory
  dpythag.cpp
Z:\Tsiky\Traj_Optimization\numrecipes\nrd\dpythag.cpp(1,10): fatal error C1083: Impossible d'ouvrir le fichier include : 'math.h' : No such file or directory
  dodeint.cpp
Z:\Tsiky\Traj_Optimization\numrecipes\nrd\dodeint.cpp(1,10): fatal error C1083: Impossible d'ouvrir le fichier include : 'stdio.h' : No such file or directory
  dlinmin.cpp
  difeq.cpp
  dftint.cpp
Z:\Tsiky\Traj_Optimization\numrecipes\nrd\dftint.cpp(1,10): fatal error C1083: Impossible d'ouvrir le fichier include : 'math.h' : No such file or directory
  dftcor.cpp
Z:\Tsiky\Traj_Optimization\numrecipes\nrd\dftcor.cpp(1,10): fatal error C1083: Impossible d'ouvrir le fichier include : 'math.h' : No such file or directory
  dfridr.cpp
Z:\Tsiky\Traj_Optimization\numrecipes\nrd\dfridr.cpp(1,10): fatal error C1083: Impossible d'ouvrir le fichier include : 'math.h' : No such file or directory
  dfpmin.cpp
Z:\Tsiky\Traj_Optimization\numrecipes\nrd\dfpmin.cpp(1,10): fatal error C1083: Impossible d'ouvrir le fichier include : 'math.h' : No such file or directory
  dfour1.cpp
Z:\Tsiky\Traj_Optimization\numrecipes\nrd\dfour1.cpp(1,10): fatal error C1083: Impossible d'ouvrir le fichier include : 'math.h' : No such file or directory
  Génération de code en cours...
  Compilation en cours...
  df1dim.cpp
  decchk.cpp
  ddpoly.cpp
  dbrent.cpp
Z:\Tsiky\Traj_Optimization\numrecipes\nrd\dbrent.cpp(3,10): fatal error C1083: Impossible d'ouvrir le fichier include : 'math.h' : No such file or directory
  dawson.cpp
Z:\Tsiky\Traj_Optimization\numrecipes\nrd\dawson.cpp(1,10): fatal error C1083: Impossible d'ouvrir le fichier include : 'math.h' : No such file or directory
  daub4.cpp
  cyclic.cpp
  crank.cpp
  covsrt.cpp
  cosft2.cpp
Z:\Tsiky\Traj_Optimization\numrecipes\nrd\cosft2.cpp(1,10): fatal error C1083: Impossible d'ouvrir le fichier include : 'math.h' : No such file or directory
  cosft1.cpp
Z:\Tsiky\Traj_Optimization\numrecipes\nrd\cosft1.cpp(1,10): fatal error C1083: Impossible d'ouvrir le fichier include : 'math.h' : No such file or directory
  correl.cpp
  copy.cpp
  convlv.cpp
  complex.cpp
Z:\Tsiky\Traj_Optimization\numrecipes\nrd\complex.cpp(8,10): fatal error C1083: Impossible d'ouvrir le fichier include : 'math.h' : No such file or directory
  cntab2.cpp
Z:\Tsiky\Traj_Optimization\numrecipes\nrd\cntab2.cpp(1,10): fatal error C1083: Impossible d'ouvrir le fichier include : 'math.h' : No such file or directory
  cntab1.cpp
Z:\Tsiky\Traj_Optimization\numrecipes\nrd\cntab1.cpp(1,10): fatal error C1083: Impossible d'ouvrir le fichier include : 'math.h' : No such file or directory
  cisi.cpp
Z:\Tsiky\Traj_Optimization\numrecipes\nrd\cisi.cpp(1,10): fatal error C1083: Impossible d'ouvrir le fichier include : 'math.h' : No such file or directory
  chstwo.cpp
  chsone.cpp
  Génération de code en cours...
  Compilation en cours...
  cholsl.cpp
  choldc.cpp
Z:\Tsiky\Traj_Optimization\numrecipes\nrd\choldc.cpp(1,10): fatal error C1083: Impossible d'ouvrir le fichier include : 'math.h' : No such file or directory
  chixy.cpp
Z:\Tsiky\Traj_Optimization\numrecipes\nrd\chixy.cpp(1,10): fatal error C1083: Impossible d'ouvrir le fichier include : 'math.h' : No such file or directory
  chint.cpp
  chebpc.cpp
  chebft.cpp
Z:\Tsiky\Traj_Optimization\numrecipes\nrd\chebft.cpp(1,10): fatal error C1083: Impossible d'ouvrir le fichier include : 'math.h' : No such file or directory
  chebev.cpp
  chder.cpp
  caldat.cpp
Z:\Tsiky\Traj_Optimization\numrecipes\nrd\caldat.cpp(1,10): fatal error C1083: Impossible d'ouvrir le fichier include : 'math.h' : No such file or directory
  bsstep.cpp
Z:\Tsiky\Traj_Optimization\numrecipes\nrd\bsstep.cpp(1,10): fatal error C1083: Impossible d'ouvrir le fichier include : 'math.h' : No such file or directory
  broydn.cpp
Z:\Tsiky\Traj_Optimization\numrecipes\nrd\broydn.cpp(1,10): fatal error C1083: Impossible d'ouvrir le fichier include : 'math.h' : No such file or directory
  brent.cpp
Z:\Tsiky\Traj_Optimization\numrecipes\nrd\brent.cpp(1,10): fatal error C1083: Impossible d'ouvrir le fichier include : 'math.h' : No such file or directory
  bnldev.cpp
Z:\Tsiky\Traj_Optimization\numrecipes\nrd\bnldev.cpp(1,10): fatal error C1083: Impossible d'ouvrir le fichier include : 'math.h' : No such file or directory
  bksub.cpp
  bico.cpp
Z:\Tsiky\Traj_Optimization\numrecipes\nrd\bico.cpp(1,10): fatal error C1083: Impossible d'ouvrir le fichier include : 'math.h' : No such file or directory
  betai.cpp
Z:\Tsiky\Traj_Optimization\numrecipes\nrd\betai.cpp(1,10): fatal error C1083: Impossible d'ouvrir le fichier include : 'math.h' : No such file or directory
  betacf.cpp
Z:\Tsiky\Traj_Optimization\numrecipes\nrd\betacf.cpp(1,10): fatal error C1083: Impossible d'ouvrir le fichier include : 'math.h' : No such file or directory
  beta.cpp
Z:\Tsiky\Traj_Optimization\numrecipes\nrd\beta.cpp(1,10): fatal error C1083: Impossible d'ouvrir le fichier include : 'math.h' : No such file or directory
  bessy1.cpp
Z:\Tsiky\Traj_Optimization\numrecipes\nrd\bessy1.cpp(1,10): fatal error C1083: Impossible d'ouvrir le fichier include : 'math.h' : No such file or directory
  bessy0.cpp
Z:\Tsiky\Traj_Optimization\numrecipes\nrd\bessy0.cpp(1,10): fatal error C1083: Impossible d'ouvrir le fichier include : 'math.h' : No such file or directory
  Génération de code en cours...
  Compilation en cours...
  bessy.cpp
  bessk1.cpp
Z:\Tsiky\Traj_Optimization\numrecipes\nrd\bessk1.cpp(1,10): fatal error C1083: Impossible d'ouvrir le fichier include : 'math.h' : No such file or directory
  bessk0.cpp
Z:\Tsiky\Traj_Optimization\numrecipes\nrd\bessk0.cpp(1,10): fatal error C1083: Impossible d'ouvrir le fichier include : 'math.h' : No such file or directory
  bessk.cpp
  bessjy.cpp
Z:\Tsiky\Traj_Optimization\numrecipes\nrd\bessjy.cpp(1,10): fatal error C1083: Impossible d'ouvrir le fichier include : 'math.h' : No such file or directory
  bessj1.cpp
Z:\Tsiky\Traj_Optimization\numrecipes\nrd\bessj1.cpp(1,10): fatal error C1083: Impossible d'ouvrir le fichier include : 'math.h' : No such file or directory
  bessj0.cpp
Z:\Tsiky\Traj_Optimization\numrecipes\nrd\bessj0.cpp(1,10): fatal error C1083: Impossible d'ouvrir le fichier include : 'math.h' : No such file or directory
  bessj.cpp
Z:\Tsiky\Traj_Optimization\numrecipes\nrd\bessj.cpp(1,10): fatal error C1083: Impossible d'ouvrir le fichier include : 'math.h' : No such file or directory
  bessik.cpp
Z:\Tsiky\Traj_Optimization\numrecipes\nrd\bessik.cpp(1,10): fatal error C1083: Impossible d'ouvrir le fichier include : 'math.h' : No such file or directory
  bessi1.cpp
Z:\Tsiky\Traj_Optimization\numrecipes\nrd\bessi1.cpp(1,10): fatal error C1083: Impossible d'ouvrir le fichier include : 'math.h' : No such file or directory
  bessi0.cpp
Z:\Tsiky\Traj_Optimization\numrecipes\nrd\bessi0.cpp(1,10): fatal error C1083: Impossible d'ouvrir le fichier include : 'math.h' : No such file or directory
  bessi.cpp
Z:\Tsiky\Traj_Optimization\numrecipes\nrd\bessi.cpp(1,10): fatal error C1083: Impossible d'ouvrir le fichier include : 'math.h' : No such file or directory
  beschb.cpp
  bcuint.cpp
  bcucof.cpp
  banmul.cpp
  bandec.cpp
Z:\Tsiky\Traj_Optimization\numrecipes\nrd\bandec.cpp(1,10): fatal error C1083: Impossible d'ouvrir le fichier include : 'math.h' : No such file or directory
  banbks.cpp
Z:\Tsiky\Traj_Optimization\numrecipes\nrd\banbks.cpp(49,7): warning C4018: '<' : incompatibilité signed/unsigned
  balanc.cpp
Z:\Tsiky\Traj_Optimization\numrecipes\nrd\balanc.cpp(1,10): fatal error C1083: Impossible d'ouvrir le fichier include : 'math.h' : No such file or directory
  avevar.cpp
  Génération de code en cours...
  Compilation en cours...
  atimes.cpp
  asolve.cpp
  arcsum.cpp
Z:\Tsiky\Traj_Optimization\numrecipes\nrd\arcsum.cpp(11,13): warning C4018: '>' : incompatibilité signed/unsigned
  arcode.cpp
Z:\Tsiky\Traj_Optimization\numrecipes\nrd\arcode.cpp(1,10): fatal error C1083: Impossible d'ouvrir le fichier include : 'stdio.h' : No such file or directory
  arcmak.cpp
  anorm2.cpp
Z:\Tsiky\Traj_Optimization\numrecipes\nrd\anorm2.cpp(1,10): fatal error C1083: Impossible d'ouvrir le fichier include : 'math.h' : No such file or directory
  anneal.cpp
Z:\Tsiky\Traj_Optimization\numrecipes\nrd\anneal.cpp(1,10): fatal error C1083: Impossible d'ouvrir le fichier include : 'stdio.h' : No such file or directory
  amotsa.cpp
Z:\Tsiky\Traj_Optimization\numrecipes\nrd\amotsa.cpp(1,10): fatal error C1083: Impossible d'ouvrir le fichier include : 'math.h' : No such file or directory
  amotry.cpp
  amoeba.cpp
Z:\Tsiky\Traj_Optimization\numrecipes\nrd\amoeba.cpp(1,10): fatal error C1083: Impossible d'ouvrir le fichier include : 'math.h' : No such file or directory
  amebsa.cpp
Z:\Tsiky\Traj_Optimization\numrecipes\nrd\amebsa.cpp(1,10): fatal error C1083: Impossible d'ouvrir le fichier include : 'math.h' : No such file or directory
  airy.cpp
Z:\Tsiky\Traj_Optimization\numrecipes\nrd\airy.cpp(1,10): fatal error C1083: Impossible d'ouvrir le fichier include : 'math.h' : No such file or directory
  addint.cpp
  Génération de code en cours...
